<?xml version="1.0" encoding="UTF-8"?>
<testsuite xmlns:xsi="http://www.w3.org/2001/XMLSchema-instance" xsi:noNamespaceSchemaLocation="https://maven.apache.org/surefire/maven-surefire-plugin/xsd/surefire-test-report.xsd" name="com.example.AppTest" time="0.064" tests="6" errors="0" skipped="0" failures="0">
  <properties>
[...]
</properties>
  <testcase name="InserirPapelMoedaInvalido" classname="com.example.AppTest" time="0.007"/>
  <testcase name="ImprimirTicketComSaldoZerado" classname="com.example.AppTest" time="0"/>
  <testcase name="shouldAnswerWithTrue" classname="com.example.AppTest" time="0"/>
  <testcase name="ImprimirTicketComSaldoInsuficiente" classname="com.example.AppTest" time="0"/>
  <testcase name="InserirPapelMoedaValido" classname="com.example.AppTest" time="0.001"/>
  <testcase name="ImprimirTicketComSaldoSuficiente" classname="com.example.AppTest" time="0.013"/>
</testsuite>