-------------------------------------------------------------------------------
Test set: com.mycompany.app.AppTest
-------------------------------------------------------------------------------
Tests run: 2, Failures: 1, Errors: 0, Skipped: 0, Time elapsed: 0.039 s <<< FAILURE! - in com.mycompany.app.AppTest
getvalorCerto(com.mycompany.app.AppTest)  Time elapsed: 0.005 s  <<< FAILURE!
java.lang.AssertionError: expected:<10> but was:<5>
	at com.mycompany.app.AppTest.getvalorCerto(AppTest.java:27)

